2020-07-02 21:24:22,507 - root - INFO - ==========================================================================
2020-07-02 21:24:22,507 - root - INFO -                         ARIS Groundstation started                        
2020-07-02 21:24:22,508 - root - INFO - ==========================================================================
2020-07-02 21:24:22,806 - root - INFO - Initialised Groundstation
2020-07-02 21:27:17,624 - root - INFO - Trying to connect to: COM14 at 115200 BAUD.
2020-07-02 21:27:17,640 - root - INFO - Connected to COM14 at 115200 BAUD.
2020-07-02 21:27:24,540 - root - INFO - Ready to receive data
2020-07-02 21:28:12,041 - root - INFO - sensor command was sent.
2020-07-02 21:28:18,359 - root - INFO - Command aborted.
2020-07-02 21:45:34,489 - root - INFO - airbrake command was sent.
2020-07-02 21:45:41,015 - root - INFO - airbrake command was sent.
2020-07-02 21:46:28,190 - root - INFO - airbrake command was sent.
2020-07-02 21:46:44,604 - root - INFO - frequency command was sent.
2020-07-02 21:47:25,994 - root - INFO - disable command was sent.
2020-07-02 21:47:40,356 - root - INFO - frequency command was sent.
2020-07-02 21:47:48,031 - root - INFO - airbrake command was sent.
2020-07-02 21:47:56,066 - root - INFO - airbrake command was sent.
2020-07-02 21:48:00,031 - root - INFO - airbrake command was sent.
2020-07-02 21:48:06,265 - root - INFO - airbrake command was sent.
2020-07-02 21:48:14,314 - root - INFO - disable command was sent.
