2020-06-23 15:17:23,609 - root - INFO - ==========================================================================
2020-06-23 15:17:23,609 - root - INFO -                         ARIS Groundstation started                        
2020-06-23 15:17:23,609 - root - INFO - ==========================================================================
2020-06-23 15:17:23,779 - root - INFO - Initialised Groundstation
2020-06-23 15:17:36,672 - root - INFO - Trying to connect to: COM6 at 460800 BAUD.
2020-06-23 15:17:36,672 - root - INFO - Failed to connect with COM6 at 460800 BAUD.
2020-06-23 15:17:40,250 - root - INFO - ==========================================================================
2020-06-23 15:17:40,251 - root - INFO -                               Stopped                                     
2020-06-23 15:17:40,251 - root - INFO - ==========================================================================
2020-06-23 16:24:13,835 - root - INFO - ==========================================================================
2020-06-23 16:24:13,835 - root - INFO -                         ARIS Groundstation started                        
2020-06-23 16:24:13,835 - root - INFO - ==========================================================================
2020-06-23 16:24:13,906 - root - INFO - Initialised Groundstation
2020-06-23 17:17:06,318 - root - INFO - ==========================================================================
2020-06-23 17:17:06,318 - root - INFO -                         ARIS Groundstation started                        
2020-06-23 17:17:06,318 - root - INFO - ==========================================================================
2020-06-23 17:17:06,398 - root - INFO - Initialised Groundstation
2020-06-23 17:17:37,201 - root - INFO - Trying to connect to: COM6 at 460800 BAUD.
2020-06-23 17:17:37,202 - root - INFO - Failed to connect with COM6 at 460800 BAUD.
2020-06-23 17:19:26,179 - root - INFO - ==========================================================================
2020-06-23 17:19:26,179 - root - INFO -                         ARIS Groundstation started                        
2020-06-23 17:19:26,179 - root - INFO - ==========================================================================
2020-06-23 17:19:26,400 - root - INFO - Initialised Groundstation
2020-06-23 17:21:12,621 - root - INFO - ==========================================================================
2020-06-23 17:21:12,621 - root - INFO -                         ARIS Groundstation started                        
2020-06-23 17:21:12,621 - root - INFO - ==========================================================================
2020-06-23 17:21:12,858 - root - INFO - Initialised Groundstation
2020-06-23 17:21:17,320 - root - INFO - ==========================================================================
2020-06-23 17:21:17,320 - root - INFO -                         ARIS Groundstation Stopped                        
2020-06-23 17:21:17,320 - root - INFO - ==========================================================================
2020-06-24 11:32:18,659 - root - INFO - ==========================================================================
2020-06-24 11:32:18,660 - root - INFO -                         ARIS Groundstation started                        
2020-06-24 11:32:18,660 - root - INFO - ==========================================================================
2020-06-24 11:32:19,056 - root - INFO - Initialised Groundstation
2020-06-24 11:32:24,688 - root - INFO - Trying to connect to: COM6 at 460800 BAUD.
2020-06-24 11:32:24,693 - root - INFO - Connected to COM6 at 460800 BAUD.
2020-06-24 11:32:48,767 - root - INFO - ==========================================================================
2020-06-24 11:32:48,767 - root - INFO -                         ARIS Groundstation Stopped                        
2020-06-24 11:32:48,767 - root - INFO - ==========================================================================
2020-06-24 11:34:41,930 - root - INFO - ==========================================================================
2020-06-24 11:34:41,931 - root - INFO -                         ARIS Groundstation started                        
2020-06-24 11:34:41,931 - root - INFO - ==========================================================================
2020-06-24 11:34:42,175 - root - INFO - Initialised Groundstation
2020-06-24 11:34:45,887 - root - INFO - Trying to connect to: COM6 at 460800 BAUD.
2020-06-24 11:34:45,892 - root - INFO - Connected to COM6 at 460800 BAUD.
2020-06-24 11:36:20,488 - root - INFO - ==========================================================================
2020-06-24 11:36:20,488 - root - INFO -                         ARIS Groundstation started                        
2020-06-24 11:36:20,488 - root - INFO - ==========================================================================
2020-06-24 11:36:20,681 - root - INFO - Initialised Groundstation
2020-06-24 11:36:28,555 - root - INFO - Trying to connect to: COM6 at 460800 BAUD.
2020-06-24 11:36:28,560 - root - INFO - Connected to COM6 at 460800 BAUD.
2020-06-24 11:36:30,973 - root - INFO - ==========================================================================
2020-06-24 11:36:30,973 - root - INFO -                         ARIS Groundstation Stopped                        
2020-06-24 11:36:30,973 - root - INFO - ==========================================================================
2020-06-24 11:37:45,329 - root - INFO - ==========================================================================
2020-06-24 11:37:45,329 - root - INFO -                         ARIS Groundstation started                        
2020-06-24 11:37:45,329 - root - INFO - ==========================================================================
2020-06-24 11:37:45,530 - root - INFO - Initialised Groundstation
2020-06-24 11:37:49,649 - root - INFO - Trying to connect to: COM6 at 460800 BAUD.
2020-06-24 11:37:49,654 - root - INFO - Connected to COM6 at 460800 BAUD.
2020-06-24 11:38:08,236 - root - INFO - Serial connection closed
2020-06-24 11:38:08,311 - root - INFO - ==========================================================================
2020-06-24 11:38:08,311 - root - INFO -                         ARIS Groundstation Stopped                        
2020-06-24 11:38:08,312 - root - INFO - ==========================================================================
2020-06-24 11:39:31,367 - root - INFO - ==========================================================================
2020-06-24 11:39:31,367 - root - INFO -                         ARIS Groundstation started                        
2020-06-24 11:39:31,367 - root - INFO - ==========================================================================
2020-06-24 11:39:31,568 - root - INFO - Initialised Groundstation
2020-06-24 11:42:03,725 - root - INFO - ==========================================================================
2020-06-24 11:42:03,726 - root - INFO -                         ARIS Groundstation Stopped                        
2020-06-24 11:42:03,727 - root - INFO - ==========================================================================
2020-06-24 11:46:42,144 - root - INFO - ==========================================================================
2020-06-24 11:46:42,144 - root - INFO -                         ARIS Groundstation started                        
2020-06-24 11:46:42,144 - root - INFO - ==========================================================================
2020-06-24 11:46:42,377 - root - INFO - Initialised Groundstation
2020-06-24 11:46:48,456 - root - INFO - Trying to connect to: COM6 at 460800 BAUD.
2020-06-24 11:46:48,459 - root - INFO - Connected to COM6 at 460800 BAUD.
2020-06-24 11:47:21,974 - root - INFO - Serial connection closed
2020-06-24 11:47:22,036 - root - INFO - ==========================================================================
2020-06-24 11:47:22,037 - root - INFO -                         ARIS Groundstation Stopped                        
2020-06-24 11:47:22,037 - root - INFO - ==========================================================================
2020-06-24 11:48:11,000 - root - INFO - ==========================================================================
2020-06-24 11:48:11,002 - root - INFO -                         ARIS Groundstation started                        
2020-06-24 11:48:11,002 - root - INFO - ==========================================================================
2020-06-24 11:48:11,217 - root - INFO - Initialised Groundstation
2020-06-24 11:48:51,131 - root - INFO - ==========================================================================
2020-06-24 11:48:51,131 - root - INFO -                         ARIS Groundstation Stopped                        
2020-06-24 11:48:51,131 - root - INFO - ==========================================================================
2020-06-24 11:55:00,461 - root - INFO - ==========================================================================
2020-06-24 11:55:00,461 - root - INFO -                         ARIS Groundstation started                        
2020-06-24 11:55:00,461 - root - INFO - ==========================================================================
2020-06-24 11:55:00,651 - root - INFO - Initialised Groundstation
2020-06-24 11:55:06,947 - root - INFO - Trying to connect to: COM6 at 460800 BAUD.
2020-06-24 11:55:06,951 - root - INFO - Connected to COM6 at 460800 BAUD.
2020-06-24 11:55:29,321 - root - INFO - Serial connection closed
2020-06-24 11:55:29,374 - root - INFO - ==========================================================================
2020-06-24 11:55:29,374 - root - INFO -                         ARIS Groundstation Stopped                        
2020-06-24 11:55:29,374 - root - INFO - ==========================================================================
2020-06-24 11:56:21,515 - root - INFO - ==========================================================================
2020-06-24 11:56:21,515 - root - INFO -                         ARIS Groundstation started                        
2020-06-24 11:56:21,515 - root - INFO - ==========================================================================
2020-06-24 11:56:21,717 - root - INFO - Initialised Groundstation
2020-06-24 11:56:24,798 - root - INFO - Trying to connect to: COM6 at 460800 BAUD.
2020-06-24 11:56:24,802 - root - INFO - Connected to COM6 at 460800 BAUD.
2020-06-24 11:56:31,110 - root - INFO - Serial connection closed
2020-06-24 11:56:31,179 - root - INFO - ==========================================================================
2020-06-24 11:56:31,180 - root - INFO -                         ARIS Groundstation Stopped                        
2020-06-24 11:56:31,180 - root - INFO - ==========================================================================
2020-06-24 11:56:41,364 - root - INFO - ==========================================================================
2020-06-24 11:56:41,364 - root - INFO -                         ARIS Groundstation started                        
2020-06-24 11:56:41,364 - root - INFO - ==========================================================================
2020-06-24 11:56:41,584 - root - INFO - Initialised Groundstation
2020-06-24 11:56:45,333 - root - INFO - Trying to connect to: COM6 at 460800 BAUD.
2020-06-24 11:56:45,337 - root - INFO - Connected to COM6 at 460800 BAUD.
2020-06-24 11:57:04,595 - root - INFO - Serial connection closed
2020-06-24 11:57:04,660 - root - INFO - ==========================================================================
2020-06-24 11:57:04,660 - root - INFO -                         ARIS Groundstation Stopped                        
2020-06-24 11:57:04,660 - root - INFO - ==========================================================================
2020-06-24 11:57:46,347 - root - INFO - ==========================================================================
2020-06-24 11:57:46,347 - root - INFO -                         ARIS Groundstation started                        
2020-06-24 11:57:46,347 - root - INFO - ==========================================================================
2020-06-24 11:57:46,559 - root - INFO - Initialised Groundstation
2020-06-24 11:57:49,400 - root - INFO - Trying to connect to: COM6 at 460800 BAUD.
2020-06-24 11:57:49,405 - root - INFO - Connected to COM6 at 460800 BAUD.
2020-06-24 11:57:50,980 - root - INFO - Ready to receive data
2020-06-24 11:58:06,713 - root - INFO - Serial connection closed
2020-06-24 11:58:06,818 - root - INFO - ==========================================================================
2020-06-24 11:58:06,819 - root - INFO -                         ARIS Groundstation Stopped                        
2020-06-24 11:58:06,819 - root - INFO - ==========================================================================
2020-06-24 11:58:37,607 - root - INFO - ==========================================================================
2020-06-24 11:58:37,607 - root - INFO -                         ARIS Groundstation started                        
2020-06-24 11:58:37,607 - root - INFO - ==========================================================================
2020-06-24 11:58:37,861 - root - INFO - Initialised Groundstation
2020-06-24 11:58:43,198 - root - INFO - Trying to connect to: COM6 at 460800 BAUD.
2020-06-24 11:58:43,203 - root - INFO - Connected to COM6 at 460800 BAUD.
2020-06-24 11:58:44,636 - root - INFO - Ready to receive data
2020-06-24 11:59:09,510 - root - INFO - Serial connection closed
2020-06-24 11:59:09,570 - root - INFO - ==========================================================================
2020-06-24 11:59:09,570 - root - INFO -                         ARIS Groundstation closed                         
2020-06-24 11:59:09,570 - root - INFO - ==========================================================================
2020-06-24 13:57:17,188 - root - INFO - ==========================================================================
2020-06-24 13:57:17,188 - root - INFO -                         ARIS Groundstation started                        
2020-06-24 13:57:17,197 - root - INFO - ==========================================================================
2020-06-24 13:57:38,050 - root - INFO - ==========================================================================
2020-06-24 13:57:38,050 - root - INFO -                         ARIS Groundstation started                        
2020-06-24 13:57:38,050 - root - INFO - ==========================================================================
2020-06-24 13:57:38,263 - root - INFO - Initialised Groundstation
2020-06-24 13:57:46,186 - root - INFO - ==========================================================================
2020-06-24 13:57:46,186 - root - INFO -                         ARIS Groundstation closed                         
2020-06-24 13:57:46,186 - root - INFO - ==========================================================================
2020-06-24 14:00:33,131 - root - INFO - ==========================================================================
2020-06-24 14:00:33,132 - root - INFO -                         ARIS Groundstation started                        
2020-06-24 14:00:33,132 - root - INFO - ==========================================================================
2020-06-24 14:00:33,327 - root - INFO - Initialised Groundstation
2020-06-24 14:00:55,138 - root - INFO - ==========================================================================
2020-06-24 14:00:55,139 - root - INFO -                         ARIS Groundstation closed                         
2020-06-24 14:00:55,139 - root - INFO - ==========================================================================
2020-06-24 14:10:49,584 - root - INFO - ==========================================================================
2020-06-24 14:10:49,584 - root - INFO -                         ARIS Groundstation started                        
2020-06-24 14:10:49,584 - root - INFO - ==========================================================================
2020-06-24 14:10:49,863 - root - INFO - Initialised Groundstation
2020-06-24 14:11:19,100 - root - INFO - ==========================================================================
2020-06-24 14:11:19,101 - root - INFO -                         ARIS Groundstation closed                         
2020-06-24 14:11:19,101 - root - INFO - ==========================================================================
2020-06-24 14:20:02,200 - root - INFO - ==========================================================================
2020-06-24 14:20:02,200 - root - INFO -                         ARIS Groundstation started                        
2020-06-24 14:20:02,200 - root - INFO - ==========================================================================
2020-06-24 14:20:02,402 - root - INFO - Initialised Groundstation
2020-06-24 14:20:09,913 - root - INFO - ==========================================================================
2020-06-24 14:20:09,914 - root - INFO -                         ARIS Groundstation closed                         
2020-06-24 14:20:09,914 - root - INFO - ==========================================================================
2020-06-24 14:20:49,314 - root - INFO - ==========================================================================
2020-06-24 14:20:49,314 - root - INFO -                         ARIS Groundstation started                        
2020-06-24 14:20:49,314 - root - INFO - ==========================================================================
2020-06-24 14:20:49,572 - root - INFO - Initialised Groundstation
2020-06-24 14:20:56,890 - root - INFO - Trying to connect to: COM6 at 460800 BAUD.
2020-06-24 14:20:56,895 - root - INFO - Connected to COM6 at 460800 BAUD.
2020-06-24 14:20:59,257 - root - INFO - Ready to receive data
2020-06-24 14:21:45,405 - root - INFO - Serial connection closed
2020-06-24 14:21:45,860 - root - INFO - ==========================================================================
2020-06-24 14:21:45,860 - root - INFO -                         ARIS Groundstation closed                         
2020-06-24 14:21:45,860 - root - INFO - ==========================================================================
2020-06-24 14:24:13,375 - root - INFO - ==========================================================================
2020-06-24 14:24:13,375 - root - INFO -                         ARIS Groundstation started                        
2020-06-24 14:24:13,375 - root - INFO - ==========================================================================
2020-06-24 14:24:13,635 - root - INFO - Initialised Groundstation
2020-06-24 14:24:24,903 - root - INFO - Trying to connect to: COM6 at 460800 BAUD.
2020-06-24 14:24:24,906 - root - INFO - Connected to COM6 at 460800 BAUD.
2020-06-24 14:24:26,369 - root - INFO - Ready to receive data
2020-06-24 14:26:17,862 - root - INFO - ==========================================================================
2020-06-24 14:26:17,862 - root - INFO -                         ARIS Groundstation started                        
2020-06-24 14:26:17,862 - root - INFO - ==========================================================================
2020-06-24 14:26:18,098 - root - INFO - Initialised Groundstation
2020-06-24 14:26:33,326 - root - INFO - ==========================================================================
2020-06-24 14:26:33,326 - root - INFO -                         ARIS Groundstation closed                         
2020-06-24 14:26:33,326 - root - INFO - ==========================================================================
2020-06-24 14:27:07,800 - root - INFO - ==========================================================================
2020-06-24 14:27:07,800 - root - INFO -                         ARIS Groundstation started                        
2020-06-24 14:27:07,800 - root - INFO - ==========================================================================
2020-06-24 14:27:08,059 - root - INFO - Initialised Groundstation
2020-06-24 14:27:18,021 - root - INFO - Trying to connect to: COM6 at 460800 BAUD.
2020-06-24 14:27:18,026 - root - INFO - Connected to COM6 at 460800 BAUD.
2020-06-24 14:27:20,171 - root - INFO - Ready to receive data
2020-06-24 14:27:31,231 - root - INFO - Serial connection closed
2020-06-24 14:27:31,654 - root - INFO - ==========================================================================
2020-06-24 14:27:31,654 - root - INFO -                         ARIS Groundstation closed                         
2020-06-24 14:27:31,655 - root - INFO - ==========================================================================
2020-06-24 14:29:41,328 - root - INFO - ==========================================================================
2020-06-24 14:29:41,328 - root - INFO -                         ARIS Groundstation started                        
2020-06-24 14:29:41,328 - root - INFO - ==========================================================================
2020-06-24 14:29:41,534 - root - INFO - Initialised Groundstation
2020-06-24 14:29:44,763 - root - INFO - Trying to connect to: COM6 at 460800 BAUD.
2020-06-24 14:29:44,766 - root - INFO - Connected to COM6 at 460800 BAUD.
2020-06-24 14:29:46,408 - root - INFO - Ready to receive data
2020-06-24 14:29:55,365 - root - INFO - Serial connection closed
2020-06-24 14:29:55,748 - root - INFO - ==========================================================================
2020-06-24 14:29:55,748 - root - INFO -                         ARIS Groundstation closed                         
2020-06-24 14:29:55,748 - root - INFO - ==========================================================================
2020-06-24 14:31:01,603 - root - INFO - ==========================================================================
2020-06-24 14:31:01,603 - root - INFO -                         ARIS Groundstation started                        
2020-06-24 14:31:01,603 - root - INFO - ==========================================================================
2020-06-24 14:31:01,859 - root - INFO - Initialised Groundstation
2020-06-24 14:31:05,075 - root - INFO - Trying to connect to: COM6 at 460800 BAUD.
2020-06-24 14:31:05,078 - root - INFO - Connected to COM6 at 460800 BAUD.
2020-06-24 14:31:07,336 - root - INFO - Ready to receive data
2020-06-24 14:32:00,212 - root - INFO - ==========================================================================
2020-06-24 14:32:00,212 - root - INFO -                         ARIS Groundstation started                        
2020-06-24 14:32:00,212 - root - INFO - ==========================================================================
2020-06-24 14:32:00,430 - root - INFO - Initialised Groundstation
2020-06-24 14:32:04,250 - root - INFO - Trying to connect to: COM6 at 460800 BAUD.
2020-06-24 14:32:04,254 - root - INFO - Connected to COM6 at 460800 BAUD.
2020-06-24 14:32:05,851 - root - INFO - Ready to receive data
2020-06-24 14:32:12,233 - root - INFO - Serial connection closed
2020-06-24 14:32:12,779 - root - INFO - ==========================================================================
2020-06-24 14:32:12,780 - root - INFO -                         ARIS Groundstation closed                         
2020-06-24 14:32:12,780 - root - INFO - ==========================================================================
2020-06-24 14:34:38,052 - root - INFO - ==========================================================================
2020-06-24 14:34:38,052 - root - INFO -                         ARIS Groundstation started                        
2020-06-24 14:34:38,052 - root - INFO - ==========================================================================
2020-06-24 14:34:38,325 - root - INFO - Initialised Groundstation
2020-06-24 14:34:42,174 - root - INFO - Trying to connect to: COM6 at 460800 BAUD.
2020-06-24 14:34:42,178 - root - INFO - Connected to COM6 at 460800 BAUD.
2020-06-24 14:34:44,076 - root - INFO - Ready to receive data
2020-06-24 14:43:28,830 - root - INFO - ==========================================================================
2020-06-24 14:43:28,830 - root - INFO -                         ARIS Groundstation started                        
2020-06-24 14:43:28,830 - root - INFO - ==========================================================================
2020-06-24 14:43:29,005 - root - INFO - Initialised Groundstation
2020-06-24 14:43:37,362 - root - INFO - Trying to connect to: COM6 at 460800 BAUD.
2020-06-24 14:43:37,367 - root - INFO - Connected to COM6 at 460800 BAUD.
2020-06-24 14:43:39,871 - root - INFO - Ready to receive data
2020-06-24 14:43:56,322 - root - INFO - Serial connection closed
2020-06-24 14:43:56,612 - root - INFO - ==========================================================================
2020-06-24 14:43:56,612 - root - INFO -                         ARIS Groundstation closed                         
2020-06-24 14:43:56,612 - root - INFO - ==========================================================================
2020-06-24 14:44:38,038 - root - INFO - ==========================================================================
2020-06-24 14:44:38,038 - root - INFO -                         ARIS Groundstation started                        
2020-06-24 14:44:38,038 - root - INFO - ==========================================================================
2020-06-24 14:44:38,198 - root - INFO - Initialised Groundstation
2020-06-24 14:44:43,424 - root - INFO - Trying to connect to: COM6 at 460800 BAUD.
2020-06-24 14:44:43,428 - root - INFO - Connected to COM6 at 460800 BAUD.
2020-06-24 14:44:45,541 - root - INFO - Ready to receive data
2020-06-24 14:44:50,003 - root - INFO - Stopped receiving data
2020-06-24 14:45:12,464 - root - INFO - Serial connection closed
2020-06-24 14:45:12,768 - root - INFO - ==========================================================================
2020-06-24 14:45:12,768 - root - INFO -                         ARIS Groundstation closed                         
2020-06-24 14:45:12,768 - root - INFO - ==========================================================================
2020-06-24 14:46:15,628 - root - INFO - ==========================================================================
2020-06-24 14:46:15,628 - root - INFO -                         ARIS Groundstation started                        
2020-06-24 14:46:15,628 - root - INFO - ==========================================================================
2020-06-24 14:46:15,797 - root - INFO - Initialised Groundstation
2020-06-24 14:46:18,826 - root - INFO - Trying to connect to: COM6 at 460800 BAUD.
2020-06-24 14:46:18,829 - root - INFO - Connected to COM6 at 460800 BAUD.
2020-06-24 14:46:20,532 - root - INFO - Ready to receive data
2020-06-24 14:46:34,279 - root - INFO - ==========================================================================
2020-06-24 14:46:34,280 - root - INFO -                         ARIS Groundstation started                        
2020-06-24 14:46:34,280 - root - INFO - ==========================================================================
2020-06-24 14:46:34,445 - root - INFO - Initialised Groundstation
2020-06-24 14:46:37,223 - root - INFO - Trying to connect to: COM6 at 460800 BAUD.
2020-06-24 14:46:37,228 - root - INFO - Connected to COM6 at 460800 BAUD.
2020-06-24 14:46:39,043 - root - INFO - Ready to receive data
2020-06-24 14:46:54,701 - root - INFO - Stopped receiving data
2020-06-24 14:46:56,768 - root - INFO - Serial connection closed
2020-06-24 14:46:57,077 - root - INFO - ==========================================================================
2020-06-24 14:46:57,078 - root - INFO -                         ARIS Groundstation closed                         
2020-06-24 14:46:57,078 - root - INFO - ==========================================================================
2020-06-24 14:50:29,145 - root - INFO - ==========================================================================
2020-06-24 14:50:29,145 - root - INFO -                         ARIS Groundstation started                        
2020-06-24 14:50:29,145 - root - INFO - ==========================================================================
2020-06-24 14:50:29,320 - root - INFO - Initialised Groundstation
2020-06-24 14:50:31,951 - root - INFO - ==========================================================================
2020-06-24 14:50:31,952 - root - INFO -                         ARIS Groundstation closed                         
2020-06-24 14:50:31,952 - root - INFO - ==========================================================================
2020-06-24 14:52:49,147 - root - INFO - ==========================================================================
2020-06-24 14:52:49,147 - root - INFO -                         ARIS Groundstation started                        
2020-06-24 14:52:49,147 - root - INFO - ==========================================================================
2020-06-24 14:52:49,316 - root - INFO - Initialised Groundstation
2020-06-24 14:52:52,329 - root - INFO - ==========================================================================
2020-06-24 14:52:52,329 - root - INFO -                         ARIS Groundstation closed                         
2020-06-24 14:52:52,330 - root - INFO - ==========================================================================
2020-06-24 14:56:18,878 - root - INFO - ==========================================================================
2020-06-24 14:56:18,878 - root - INFO -                         ARIS Groundstation started                        
2020-06-24 14:56:18,878 - root - INFO - ==========================================================================
2020-06-24 14:56:19,055 - root - INFO - Initialised Groundstation
2020-06-24 14:56:23,339 - root - INFO - Trying to connect to: COM6 at 460800 BAUD.
2020-06-24 14:56:23,341 - root - INFO - Connected to COM6 at 460800 BAUD.
2020-06-24 14:56:31,464 - root - INFO - Ready to receive data
2020-06-24 14:59:49,717 - root - INFO - ==========================================================================
2020-06-24 14:59:49,717 - root - INFO -                         ARIS Groundstation started                        
2020-06-24 14:59:49,717 - root - INFO - ==========================================================================
2020-06-24 14:59:49,889 - root - INFO - Initialised Groundstation
2020-06-24 14:59:56,341 - root - INFO - ==========================================================================
2020-06-24 14:59:56,341 - root - INFO -                         ARIS Groundstation closed                         
2020-06-24 14:59:56,341 - root - INFO - ==========================================================================
2020-06-24 15:00:02,408 - root - INFO - ==========================================================================
2020-06-24 15:00:02,408 - root - INFO -                         ARIS Groundstation started                        
2020-06-24 15:00:02,408 - root - INFO - ==========================================================================
2020-06-24 15:00:02,653 - root - INFO - Initialised Groundstation
2020-06-24 15:00:19,130 - root - INFO - Trying to connect to: COM6 at 460800 BAUD.
2020-06-24 15:00:19,133 - root - INFO - Connected to COM6 at 460800 BAUD.
2020-06-24 15:00:21,953 - root - INFO - Ready to receive data
2020-06-24 15:02:44,212 - root - INFO - ==========================================================================
2020-06-24 15:02:44,213 - root - INFO -                         ARIS Groundstation started                        
2020-06-24 15:02:44,213 - root - INFO - ==========================================================================
2020-06-24 15:02:44,462 - root - INFO - Initialised Groundstation
2020-06-24 15:02:59,726 - root - INFO - ==========================================================================
2020-06-24 15:02:59,726 - root - INFO -                         ARIS Groundstation started                        
2020-06-24 15:02:59,726 - root - INFO - ==========================================================================
2020-06-24 15:02:59,891 - root - INFO - Initialised Groundstation
2020-06-24 15:03:30,727 - root - INFO - Trying to connect to: COM6 at 460800 BAUD.
2020-06-24 15:03:30,732 - root - INFO - Connected to COM6 at 460800 BAUD.
2020-06-24 15:03:32,568 - root - INFO - Ready to receive data
2020-06-24 15:03:50,756 - root - INFO - Stopped receiving data
2020-06-24 15:03:51,808 - root - INFO - Serial connection closed
2020-06-24 15:03:52,221 - root - INFO - ==========================================================================
2020-06-24 15:03:52,222 - root - INFO -                         ARIS Groundstation closed                         
2020-06-24 15:03:52,222 - root - INFO - ==========================================================================
2020-06-24 15:08:38,598 - root - INFO - ==========================================================================
2020-06-24 15:08:38,598 - root - INFO -                         ARIS Groundstation started                        
2020-06-24 15:08:38,598 - root - INFO - ==========================================================================
2020-06-24 15:08:38,788 - root - INFO - Initialised Groundstation
2020-06-24 15:10:33,190 - root - INFO - ==========================================================================
2020-06-24 15:10:33,190 - root - INFO -                         ARIS Groundstation started                        
2020-06-24 15:10:33,190 - root - INFO - ==========================================================================
2020-06-24 15:10:33,415 - root - INFO - Initialised Groundstation
2020-06-24 15:10:46,724 - root - INFO - ==========================================================================
2020-06-24 15:10:46,724 - root - INFO -                         ARIS Groundstation closed                         
2020-06-24 15:10:46,725 - root - INFO - ==========================================================================
2020-06-24 15:11:48,305 - root - INFO - ==========================================================================
2020-06-24 15:11:48,305 - root - INFO -                         ARIS Groundstation started                        
2020-06-24 15:11:48,305 - root - INFO - ==========================================================================
2020-06-24 15:11:48,480 - root - INFO - Initialised Groundstation
2020-06-24 15:13:28,317 - root - INFO - ==========================================================================
2020-06-24 15:13:28,317 - root - INFO -                         ARIS Groundstation started                        
2020-06-24 15:13:28,317 - root - INFO - ==========================================================================
2020-06-24 15:13:28,490 - root - INFO - Initialised Groundstation
2020-06-24 15:15:27,041 - root - INFO - ==========================================================================
2020-06-24 15:15:27,042 - root - INFO -                         ARIS Groundstation started                        
2020-06-24 15:15:27,042 - root - INFO - ==========================================================================
2020-06-24 15:15:27,221 - root - INFO - Initialised Groundstation
2020-06-24 15:15:50,418 - root - INFO - ==========================================================================
2020-06-24 15:15:50,419 - root - INFO -                         ARIS Groundstation started                        
2020-06-24 15:15:50,419 - root - INFO - ==========================================================================
2020-06-24 15:15:50,606 - root - INFO - Initialised Groundstation
2020-06-24 15:20:01,403 - root - INFO - ==========================================================================
2020-06-24 15:20:01,403 - root - INFO -                         ARIS Groundstation started                        
2020-06-24 15:20:01,403 - root - INFO - ==========================================================================
2020-06-24 15:20:01,590 - root - INFO - Initialised Groundstation
2020-06-24 15:20:39,979 - root - INFO - ==========================================================================
2020-06-24 15:20:39,979 - root - INFO -                         ARIS Groundstation started                        
2020-06-24 15:20:39,979 - root - INFO - ==========================================================================
2020-06-24 15:20:40,156 - root - INFO - Initialised Groundstation
2020-06-24 15:20:45,860 - root - INFO - ==========================================================================
2020-06-24 15:20:45,860 - root - INFO -                         ARIS Groundstation closed                         
2020-06-24 15:20:45,860 - root - INFO - ==========================================================================
2020-06-24 15:21:25,994 - root - INFO - ==========================================================================
2020-06-24 15:21:25,994 - root - INFO -                         ARIS Groundstation started                        
2020-06-24 15:21:25,994 - root - INFO - ==========================================================================
2020-06-24 15:21:26,189 - root - INFO - Initialised Groundstation
2020-06-24 15:22:25,886 - root - INFO - ==========================================================================
2020-06-24 15:22:25,886 - root - INFO -                         ARIS Groundstation started                        
2020-06-24 15:22:25,886 - root - INFO - ==========================================================================
2020-06-24 15:22:26,077 - root - INFO - Initialised Groundstation
2020-06-24 15:24:58,920 - root - INFO - ==========================================================================
2020-06-24 15:24:58,920 - root - INFO -                         ARIS Groundstation started                        
2020-06-24 15:24:58,920 - root - INFO - ==========================================================================
2020-06-24 15:24:59,099 - root - INFO - Initialised Groundstation
2020-06-24 15:26:09,913 - root - INFO - ==========================================================================
2020-06-24 15:26:09,913 - root - INFO -                         ARIS Groundstation started                        
2020-06-24 15:26:09,913 - root - INFO - ==========================================================================
2020-06-24 15:26:47,477 - root - INFO - ==========================================================================
2020-06-24 15:26:47,477 - root - INFO -                         ARIS Groundstation started                        
2020-06-24 15:26:47,477 - root - INFO - ==========================================================================
2020-06-24 15:26:47,669 - root - INFO - Initialised Groundstation
2020-06-24 15:27:56,560 - root - INFO - ==========================================================================
2020-06-24 15:27:56,560 - root - INFO -                         ARIS Groundstation started                        
2020-06-24 15:27:56,560 - root - INFO - ==========================================================================
2020-06-24 15:27:56,741 - root - INFO - Initialised Groundstation
2020-06-24 15:28:45,209 - root - INFO - ==========================================================================
2020-06-24 15:28:45,209 - root - INFO -                         ARIS Groundstation started                        
2020-06-24 15:28:45,209 - root - INFO - ==========================================================================
2020-06-24 15:28:45,386 - root - INFO - Initialised Groundstation
2020-06-24 15:43:49,392 - root - INFO - ==========================================================================
2020-06-24 15:43:49,392 - root - INFO -                         ARIS Groundstation started                        
2020-06-24 15:43:49,392 - root - INFO - ==========================================================================
2020-06-24 15:43:49,581 - root - INFO - Initialised Groundstation
2020-06-24 15:43:55,914 - root - INFO - Trying to connect to: COM6 at 460800 BAUD.
2020-06-24 15:43:55,918 - root - INFO - Connected to COM6 at 460800 BAUD.
2020-06-24 15:44:00,949 - root - INFO - Serial connection closed
2020-06-24 15:44:01,245 - root - INFO - ==========================================================================
2020-06-24 15:44:01,245 - root - INFO -                         ARIS Groundstation closed                         
2020-06-24 15:44:01,245 - root - INFO - ==========================================================================
2020-06-24 15:57:05,214 - root - INFO - ==========================================================================
2020-06-24 15:57:05,214 - root - INFO -                         ARIS Groundstation started                        
2020-06-24 15:57:05,214 - root - INFO - ==========================================================================
2020-06-24 15:57:05,398 - root - INFO - Initialised Groundstation
2020-06-24 15:57:12,340 - root - INFO - ==========================================================================
2020-06-24 15:57:12,340 - root - INFO -                         ARIS Groundstation closed                         
2020-06-24 15:57:12,340 - root - INFO - ==========================================================================
2020-06-24 16:01:08,609 - root - INFO - ==========================================================================
2020-06-24 16:01:08,609 - root - INFO -                         ARIS Groundstation started                        
2020-06-24 16:01:08,609 - root - INFO - ==========================================================================
2020-06-24 16:01:08,790 - root - INFO - Initialised Groundstation
2020-06-24 16:01:15,653 - root - INFO - ==========================================================================
2020-06-24 16:01:15,654 - root - INFO -                         ARIS Groundstation closed                         
2020-06-24 16:01:15,654 - root - INFO - ==========================================================================
2020-06-24 16:03:39,657 - root - INFO - ==========================================================================
2020-06-24 16:03:39,657 - root - INFO -                         ARIS Groundstation started                        
2020-06-24 16:03:39,657 - root - INFO - ==========================================================================
2020-06-24 16:03:39,854 - root - INFO - Initialised Groundstation
2020-06-24 16:03:41,882 - root - INFO - ==========================================================================
2020-06-24 16:03:41,882 - root - INFO -                         ARIS Groundstation closed                         
2020-06-24 16:03:41,882 - root - INFO - ==========================================================================
2020-06-24 17:53:43,404 - root - INFO - ==========================================================================
2020-06-24 17:53:43,404 - root - INFO -                         ARIS Groundstation started                        
2020-06-24 17:53:43,404 - root - INFO - ==========================================================================
2020-06-24 17:53:43,619 - root - INFO - Initialised Groundstation
2020-06-24 17:53:57,775 - root - INFO - ==========================================================================
2020-06-24 17:53:57,775 - root - INFO -                         ARIS Groundstation closed                         
2020-06-24 17:53:57,775 - root - INFO - ==========================================================================
2020-06-24 17:54:17,829 - root - INFO - ==========================================================================
2020-06-24 17:54:17,830 - root - INFO -                         ARIS Groundstation started                        
2020-06-24 17:54:17,830 - root - INFO - ==========================================================================
2020-06-24 17:54:17,988 - root - INFO - Initialised Groundstation
2020-06-24 17:54:24,436 - root - INFO - ==========================================================================
2020-06-24 17:54:24,436 - root - INFO -                         ARIS Groundstation closed                         
2020-06-24 17:54:24,436 - root - INFO - ==========================================================================
2020-06-24 17:54:34,814 - root - INFO - ==========================================================================
2020-06-24 17:54:34,814 - root - INFO -                         ARIS Groundstation started                        
2020-06-24 17:54:34,814 - root - INFO - ==========================================================================
2020-06-24 17:54:34,971 - root - INFO - Initialised Groundstation
2020-06-24 17:54:40,549 - root - INFO - ==========================================================================
2020-06-24 17:54:40,550 - root - INFO -                         ARIS Groundstation closed                         
2020-06-24 17:54:40,550 - root - INFO - ==========================================================================
2020-06-24 17:54:47,172 - root - INFO - ==========================================================================
2020-06-24 17:54:47,172 - root - INFO -                         ARIS Groundstation started                        
2020-06-24 17:54:47,172 - root - INFO - ==========================================================================
2020-06-24 17:54:47,328 - root - INFO - Initialised Groundstation
2020-06-24 17:55:08,688 - root - INFO - ==========================================================================
2020-06-24 17:55:08,688 - root - INFO -                         ARIS Groundstation closed                         
2020-06-24 17:55:08,689 - root - INFO - ==========================================================================
2020-06-24 17:55:18,204 - root - INFO - ==========================================================================
2020-06-24 17:55:18,204 - root - INFO -                         ARIS Groundstation started                        
2020-06-24 17:55:18,204 - root - INFO - ==========================================================================
2020-06-24 17:55:18,364 - root - INFO - Initialised Groundstation
2020-06-24 17:55:23,045 - root - INFO - ==========================================================================
2020-06-24 17:55:23,046 - root - INFO -                         ARIS Groundstation closed                         
2020-06-24 17:55:23,046 - root - INFO - ==========================================================================
2020-06-24 17:56:54,919 - root - INFO - ==========================================================================
2020-06-24 17:56:54,919 - root - INFO -                         ARIS Groundstation started                        
2020-06-24 17:56:54,919 - root - INFO - ==========================================================================
2020-06-24 17:56:55,122 - root - INFO - Initialised Groundstation
2020-06-24 17:57:01,835 - root - INFO - ==========================================================================
2020-06-24 17:57:01,835 - root - INFO -                         ARIS Groundstation closed                         
2020-06-24 17:57:01,835 - root - INFO - ==========================================================================
2020-06-24 17:57:10,835 - root - INFO - ==========================================================================
2020-06-24 17:57:10,835 - root - INFO -                         ARIS Groundstation started                        
2020-06-24 17:57:10,835 - root - INFO - ==========================================================================
2020-06-24 17:57:11,040 - root - INFO - Initialised Groundstation
2020-06-24 17:57:32,061 - root - INFO - ==========================================================================
2020-06-24 17:57:32,062 - root - INFO -                         ARIS Groundstation closed                         
2020-06-24 17:57:32,062 - root - INFO - ==========================================================================
2020-06-25 09:08:37,984 - root - INFO - ==========================================================================
2020-06-25 09:08:37,985 - root - INFO -                         ARIS Groundstation started                        
2020-06-25 09:08:37,985 - root - INFO - ==========================================================================
2020-06-25 09:10:53,328 - root - INFO - ==========================================================================
2020-06-25 09:10:53,328 - root - INFO -                         ARIS Groundstation started                        
2020-06-25 09:10:53,328 - root - INFO - ==========================================================================
2020-06-25 09:12:01,223 - root - INFO - ==========================================================================
2020-06-25 09:12:01,223 - root - INFO -                         ARIS Groundstation started                        
2020-06-25 09:12:01,223 - root - INFO - ==========================================================================
2020-06-25 09:13:14,738 - root - INFO - ==========================================================================
2020-06-25 09:13:14,738 - root - INFO -                         ARIS Groundstation started                        
2020-06-25 09:13:14,739 - root - INFO - ==========================================================================
2020-06-25 09:13:38,167 - root - INFO - ==========================================================================
2020-06-25 09:13:38,167 - root - INFO -                         ARIS Groundstation started                        
2020-06-25 09:13:38,167 - root - INFO - ==========================================================================
2020-06-25 09:16:51,812 - root - INFO - ==========================================================================
2020-06-25 09:16:51,812 - root - INFO -                         ARIS Groundstation started                        
2020-06-25 09:16:51,812 - root - INFO - ==========================================================================
2020-06-25 09:17:52,548 - root - INFO - Initialised Groundstation
2020-06-25 09:21:44,748 - root - INFO - Trying to connect to: /dev/ttyUSB0 at 460800 BAUD.
2020-06-25 09:21:44,752 - root - INFO - Connected to /dev/ttyUSB0 at 460800 BAUD.
2020-06-25 09:22:38,359 - root - INFO - Ready to receive data
2020-06-25 09:31:11,539 - root - INFO - ==========================================================================
2020-06-25 09:31:11,539 - root - INFO -                         ARIS Groundstation started                        
2020-06-25 09:31:11,539 - root - INFO - ==========================================================================
2020-06-25 09:31:12,043 - root - INFO - Initialised Groundstation
2020-06-25 09:31:59,451 - root - INFO - Trying to connect to: /dev/ttyUSB0 at 460800 BAUD.
2020-06-25 09:31:59,454 - root - INFO - Connected to /dev/ttyUSB0 at 460800 BAUD.
2020-06-25 09:33:07,271 - root - INFO - Ready to receive data
2020-06-25 09:39:34,003 - root - INFO - ==========================================================================
2020-06-25 09:39:34,003 - root - INFO -                         ARIS Groundstation started                        
2020-06-25 09:39:34,004 - root - INFO - ==========================================================================
2020-06-25 09:39:34,567 - root - INFO - Initialised Groundstation
2020-06-25 09:40:22,611 - root - INFO - Trying to connect to: /dev/ttyACM0 at 460800 BAUD.
2020-06-25 09:40:22,613 - root - INFO - Connected to /dev/ttyACM0 at 460800 BAUD.
2020-06-25 09:40:25,763 - root - INFO - Ready to receive data
2020-06-25 09:44:42,540 - root - INFO - ==========================================================================
2020-06-25 09:44:42,540 - root - INFO -                         ARIS Groundstation started                        
2020-06-25 09:44:42,541 - root - INFO - ==========================================================================
2020-06-25 09:44:43,073 - root - INFO - Initialised Groundstation
2020-06-25 09:44:53,977 - root - INFO - Trying to connect to: /dev/ttyUSB0 at 460800 BAUD.
2020-06-25 09:44:53,981 - root - INFO - Connected to /dev/ttyUSB0 at 460800 BAUD.
2020-06-25 09:44:59,236 - root - INFO - Ready to receive data
2020-06-25 09:47:17,992 - root - INFO - ==========================================================================
2020-06-25 09:47:17,992 - root - INFO -                         ARIS Groundstation started                        
2020-06-25 09:47:17,992 - root - INFO - ==========================================================================
2020-06-25 09:47:18,507 - root - INFO - Initialised Groundstation
2020-06-25 09:47:24,114 - root - INFO - Trying to connect to: /dev/ttyUSB0 at 230400 BAUD.
2020-06-25 09:47:24,118 - root - INFO - Connected to /dev/ttyUSB0 at 230400 BAUD.
2020-06-25 09:47:26,472 - root - INFO - Ready to receive data
2020-06-25 10:01:32,959 - root - INFO - ==========================================================================
2020-06-25 10:01:32,959 - root - INFO -                         ARIS Groundstation started                        
2020-06-25 10:01:32,959 - root - INFO - ==========================================================================
2020-06-25 10:01:33,568 - root - INFO - Initialised Groundstation
2020-06-25 10:01:40,032 - root - INFO - Trying to connect to: /dev/ttyUSB0 at 230400 BAUD.
2020-06-25 10:03:25,985 - root - INFO - ==========================================================================
2020-06-25 10:03:25,985 - root - INFO -                         ARIS Groundstation started                        
2020-06-25 10:03:25,986 - root - INFO - ==========================================================================
2020-06-25 10:03:26,512 - root - INFO - Initialised Groundstation
2020-06-25 10:03:42,597 - root - INFO - Trying to connect to: /dev/ttyUSB0 at 230400 BAUD.
2020-06-25 10:03:42,601 - root - INFO - Connected to /dev/ttyUSB0 at 230400 BAUD.
2020-06-25 10:03:46,039 - root - INFO - Ready to receive data
2020-06-25 10:04:22,175 - root - INFO - ==========================================================================
2020-06-25 10:04:22,176 - root - INFO -                         ARIS Groundstation started                        
2020-06-25 10:04:22,176 - root - INFO - ==========================================================================
2020-06-25 10:04:22,680 - root - INFO - Initialised Groundstation
2020-06-25 10:04:56,249 - root - INFO - Trying to connect to: /dev/ttyUSB0 at 230400 BAUD.
2020-06-25 10:04:56,254 - root - INFO - Connected to /dev/ttyUSB0 at 230400 BAUD.
2020-06-25 10:04:58,723 - root - INFO - Ready to receive data
