2020-10-19 16:35:11,941 - root - INFO - ==========================================================================
2020-10-19 16:35:11,941 - root - INFO -                         ARIS Groundstation started                        
2020-10-19 16:35:11,941 - root - INFO - ==========================================================================
2020-10-19 16:35:12,180 - root - INFO - Initialised Groundstation
2020-10-19 16:35:18,695 - root - INFO - Trying to connect to: COM14 at 115200 BAUD.
2020-10-19 16:35:18,701 - root - INFO - Connected to COM14 at 115200 BAUD.
2020-10-19 16:35:20,516 - root - INFO - Ready to receive data
2020-10-19 16:36:03,809 - root - INFO - sampling_rate command was sent.
2020-10-19 16:36:22,964 - root - INFO - Stopped receiving data
2020-10-19 16:42:15,400 - root - INFO - Trying to connect to: COM14 at 115200 BAUD.
2020-10-19 16:42:15,418 - root - INFO - Connected to COM14 at 115200 BAUD.
2020-10-19 16:42:18,051 - root - INFO - Ready to receive data
2020-10-19 16:42:53,146 - root - INFO - camera_on command was sent.
2020-10-19 16:43:39,789 - root - INFO - camera_off command was sent.
2020-10-19 16:48:41,618 - root - INFO - camera_on command was sent.
2020-10-19 16:52:57,346 - root - INFO - camera_on command was sent.
2020-10-19 17:00:28,255 - root - INFO - Stopped receiving data
2020-10-19 17:00:30,504 - root - INFO - ==========================================================================
2020-10-19 17:00:30,504 - root - INFO -                         ARIS Groundstation closed                         
2020-10-19 17:00:30,507 - root - INFO - ==========================================================================
