2020-10-19 16:10:56,845 - root - INFO - ==========================================================================
2020-10-19 16:10:56,845 - root - INFO -                         ARIS Groundstation started                        
2020-10-19 16:10:56,846 - root - INFO - ==========================================================================
2020-10-19 16:10:57,070 - root - INFO - Initialised Groundstation
2020-10-19 16:11:04,002 - root - INFO - Trying to connect to: COM14 at 115200 BAUD.
2020-10-19 16:11:04,019 - root - INFO - Connected to COM14 at 115200 BAUD.
2020-10-19 16:11:06,079 - root - INFO - Ready to receive data
2020-10-19 16:12:14,757 - root - INFO - Stopped recording.
2020-10-19 16:12:22,103 - root - INFO - Stopped receiving data
2020-10-19 16:12:57,709 - root - INFO - Trying to connect to: COM14 at 115200 BAUD.
2020-10-19 16:12:57,719 - root - INFO - Connected to COM14 at 115200 BAUD.
2020-10-19 16:13:02,173 - root - INFO - Ready to receive data
2020-10-19 16:13:17,641 - root - INFO - sampling_rate command was sent.
2020-10-19 16:14:06,086 - root - INFO - Started recording.
2020-10-19 16:14:15,357 - root - INFO - Live plot started
2020-10-19 16:15:14,558 - root - INFO - buzzer command was sent.
2020-10-19 16:15:56,340 - root - INFO - buzzer command was sent.
2020-10-19 16:15:59,750 - root - INFO - buzzer command was sent.
2020-10-19 16:27:34,953 - root - INFO - Live plot stopped.
2020-10-19 16:27:34,954 - root - INFO - Recording stopped.
2020-10-19 16:27:34,955 - root - INFO - Stopped receiving data
2020-10-19 16:27:39,132 - root - INFO - ==========================================================================
2020-10-19 16:27:39,132 - root - INFO -                         ARIS Groundstation closed                         
2020-10-19 16:27:39,135 - root - INFO - ==========================================================================
