2020-10-20 10:40:48,184 - root - INFO - ==========================================================================
2020-10-20 10:40:48,184 - root - INFO -                         ARIS Groundstation started                        
2020-10-20 10:40:48,184 - root - INFO - ==========================================================================
2020-10-20 10:40:48,466 - root - INFO - Initialised Groundstation
2020-10-20 10:40:54,077 - root - INFO - Trying to connect to: COM14 at 115200 BAUD.
2020-10-20 10:40:54,077 - root - INFO - Connected to COM14 at 115200 BAUD.
2020-10-20 10:40:56,214 - root - INFO - Ready to receive data
2020-10-20 11:14:53,169 - root - INFO - sampling_rate command was sent.
2020-10-20 11:27:14,837 - root - INFO - sampling_rate command was sent.
2020-10-20 13:29:25,833 - root - INFO - Trying to connect to: COM14 at 115200 BAUD.
2020-10-20 13:29:26,005 - root - INFO - Failed to connect with COM14 at 115200 BAUD.
2020-10-20 13:29:42,334 - root - INFO - Trying to connect to: COM14 at 115200 BAUD.
2020-10-20 13:29:42,537 - root - INFO - Connected to COM14 at 115200 BAUD.
2020-10-20 13:29:44,800 - root - INFO - Ready to receive data
2020-10-20 13:30:26,863 - root - INFO - sampling_rate command was sent.
2020-10-20 13:37:03,597 - root - INFO - sampling_rate command was sent.
2020-10-20 13:38:20,199 - root - INFO - Command aborted.
2020-10-20 13:38:26,405 - root - INFO - buzzer command was sent.
2020-10-20 13:38:29,635 - root - INFO - buzzer command was sent.
2020-10-20 13:38:31,590 - root - INFO - buzzer command was sent.
2020-10-20 13:38:35,381 - root - INFO - buzzer command was sent.
2020-10-20 13:38:37,941 - root - INFO - buzzer command was sent.
2020-10-20 13:38:51,991 - root - INFO - disable_lock command was sent.
2020-10-20 13:39:01,962 - root - INFO - disable_lock command was sent.
2020-10-20 13:39:04,889 - root - INFO - disable_lock command was sent.
2020-10-20 13:39:07,685 - root - INFO - disable_lock command was sent.
2020-10-20 13:39:10,003 - root - INFO - disable_lock command was sent.
2020-10-20 13:39:12,262 - root - INFO - disable_lock command was sent.
2020-10-20 13:39:13,368 - root - INFO - disable_lock command was sent.
2020-10-20 13:39:14,424 - root - INFO - disable_lock command was sent.
2020-10-20 13:39:15,133 - root - INFO - disable_lock command was sent.
2020-10-20 13:39:15,747 - root - INFO - disable_lock command was sent.
2020-10-20 13:39:16,945 - root - INFO - disable_lock command was sent.
2020-10-20 13:39:17,594 - root - INFO - disable_lock command was sent.
2020-10-20 13:39:18,125 - root - INFO - disable_lock command was sent.
2020-10-20 13:59:11,899 - root - INFO - sampling_rate command was sent.
2020-10-20 13:59:24,325 - root - INFO - Live plot started
2020-10-20 14:01:39,704 - root - INFO - est_reset command was sent.
2020-10-20 14:23:35,958 - root - INFO - Command aborted.
2020-10-20 14:23:39,006 - root - INFO - camera_on command was sent.
2020-10-20 14:23:46,309 - root - INFO - camera_off command was sent.
2020-10-20 15:19:31,912 - root - INFO - Live plot stopped.
2020-10-20 15:19:31,912 - root - INFO - Stopped receiving data
2020-10-20 15:19:33,958 - root - INFO - ==========================================================================
2020-10-20 15:19:33,974 - root - INFO -                         ARIS Groundstation closed                         
2020-10-20 15:19:33,975 - root - INFO - ==========================================================================
